Arguments: 
  C:\Program Files\nodejs\node.exe C:\Users\letha\AppData\Roaming\npm\node_modules\yarn\bin\yarn.js add nodemoon express ejs cors

PATH: 
  C:\Windows\system32;C:\Windows;C:\Windows\System32\Wbem;C:\Windows\System32\WindowsPowerShell\v1.0\;C:\Windows\System32\OpenSSH\;C:\Program Files\Git\cmd;C:\Program Files\nodejs\;C:\Program Files\Docker\Docker\resources\bin;C:\ProgramData\DockerDesktop\version-bin;C:\HashiCorp\Vagrant\bin;C:\Users\letha\scoop\shims;C:\Ruby27-x64\bin;C:\Users\letha\AppData\Local\Microsoft\WindowsApps;C:\Users\letha\AppData\Local\Programs\Microsoft VS Code\bin;C:\Users\letha\AppData\Roaming\npm;C:\Users\letha\Documents\Flutter\flutter\bin;C:\Program Files\heroku\bin

Yarn version: 
  1.22.10

Node version: 
  14.17.2

Platform: 
  win32 x64

Trace: 
  Error: https://registry.yarnpkg.com/nodemoon: Not found
      at Request.params.callback [as _callback] (C:\Users\letha\AppData\Roaming\npm\node_modules\yarn\lib\cli.js:66988:18)
      at Request.self.callback (C:\Users\letha\AppData\Roaming\npm\node_modules\yarn\lib\cli.js:140662:22)
      at Request.emit (events.js:375:28)
      at Request.<anonymous> (C:\Users\letha\AppData\Roaming\npm\node_modules\yarn\lib\cli.js:141634:10)
      at Request.emit (events.js:375:28)
      at IncomingMessage.<anonymous> (C:\Users\letha\AppData\Roaming\npm\node_modules\yarn\lib\cli.js:141556:12)
      at Object.onceWrapper (events.js:481:28)
      at IncomingMessage.emit (events.js:387:35)
      at endReadableNT (internal/streams/readable.js:1317:12)
      at processTicksAndRejections (internal/process/task_queues.js:82:21)

npm manifest: 
  {
    "name": "googlesheet",
    "version": "1",
    "main": "index.js",
    "license": "MIT",
    "scripts": {
      "start": "nodemoon index.js"
    }
  }

yarn manifest: 
  No manifest

Lockfile: 
  No lockfile
